c:\users\elite\desktop\200625\debug\vc142.pdb
c:\users\elite\desktop\200625\debug\vc142.idb
c:\users\elite\desktop\200625\debug\18_static멤버cpp.obj
c:\users\elite\desktop\200625\debug\19_상속의기본.obj
c:\users\elite\desktop\200625\debug\programmer.obj
c:\users\elite\desktop\200625\debug\human.obj
c:\users\elite\desktop\200625\debug\computerengineer.obj
c:\users\elite\desktop\200625\debug\servermanger.obj
c:\users\elite\desktop\200625\debug\20_순수virtual함수.obj
c:\users\elite\desktop\200625\debug\kiacar.obj
c:\users\elite\desktop\200625\debug\hyundaicar.obj
c:\users\elite\desktop\200625\debug\21_단항연산자함수오버로딩.obj
c:\users\elite\desktop\200625\debug\21_position.obj
c:\users\elite\desktop\200625\debug\21_연산자함수오버로딩.obj
c:\users\elite\desktop\200625\debug\22_friend.obj
c:\users\elite\desktop\200625\debug\exception.obj
c:\users\elite\desktop\200625\debug\24_예외처리class.obj
c:\users\elite\desktop\200625\debug\26_템플릿에서제외.obj
c:\users\elite\desktop\200625\debug\25_template.obj
c:\users\elite\desktop\200625\debug\27_poslist.obj
c:\users\elite\desktop\200625\debug\27_classtemplate.obj
c:\users\elite\desktop\200625\debug\17.obj
c:\users\elite\desktop\200625\debug\carhandler.obj
c:\users\elite\desktop\200625\debug\200625.tlog\cl.command.1.tlog
c:\users\elite\desktop\200625\debug\200625.tlog\cl.read.1.tlog
c:\users\elite\desktop\200625\debug\200625.tlog\cl.write.1.tlog
c:\users\elite\desktop\200625\debug\200625.tlog\link-cvtres.read.1.tlog
c:\users\elite\desktop\200625\debug\200625.tlog\link-cvtres.write.1.tlog
c:\users\elite\desktop\200625\debug\200625.tlog\link-rc.read.1.tlog
c:\users\elite\desktop\200625\debug\200625.tlog\link-rc.write.1.tlog
c:\users\elite\desktop\200625\debug\200625.tlog\link.11708-cvtres.read.1.tlog
c:\users\elite\desktop\200625\debug\200625.tlog\link.11708-cvtres.write.1.tlog
c:\users\elite\desktop\200625\debug\200625.tlog\link.11708-rc.read.1.tlog
c:\users\elite\desktop\200625\debug\200625.tlog\link.11708-rc.write.1.tlog
c:\users\elite\desktop\200625\debug\200625.tlog\link.11708.read.1.tlog
c:\users\elite\desktop\200625\debug\200625.tlog\link.11708.write.1.tlog
c:\users\elite\desktop\200625\debug\200625.tlog\link.command.1.tlog
c:\users\elite\desktop\200625\debug\200625.tlog\link.read.1.tlog
c:\users\elite\desktop\200625\debug\200625.tlog\link.write.1.tlog
